2026-02-02T18:52:04.451555Z  WARN ralph: Config file "ralph.yml" not found, using defaults
2026-02-02T18:52:04.564671Z  INFO ralph_core::event_loop: Memory injection check: enabled=true, inject=Auto, workspace_root="/Users/francocalvo/personal/facultad/pf/app"
2026-02-02T18:52:04.565534Z  INFO ralph_core::event_loop: Looking for memories at: "/Users/francocalvo/personal/facultad/pf/app/.ralph/agent/memories.md" (exists: false)
2026-02-02T18:52:04.565554Z  INFO ralph_core::event_loop: Successfully loaded 0 memories from store
2026-02-02T18:52:04.565558Z  INFO ralph_core::event_loop: Memory store is empty - no memories to inject
2026-02-02T18:58:27.694544Z  INFO ralph_core::event_loop: Memory injection check: enabled=true, inject=Auto, workspace_root="/Users/francocalvo/personal/facultad/pf/app"
2026-02-02T18:58:27.695116Z  INFO ralph_core::event_loop: Looking for memories at: "/Users/francocalvo/personal/facultad/pf/app/.ralph/agent/memories.md" (exists: false)
2026-02-02T18:58:27.695128Z  INFO ralph_core::event_loop: Successfully loaded 0 memories from store
2026-02-02T18:58:27.695131Z  INFO ralph_core::event_loop: Memory store is empty - no memories to inject
2026-02-02T18:58:27.695303Z  INFO ralph_core::event_loop: Injecting scratchpad (4767 chars) into prompt
2026-02-02T18:58:27.695529Z  INFO ralph_core::event_loop: Injecting ready tasks (1 ready, 5 open, 2 closed) into prompt
2026-02-02T19:01:14.382187Z  INFO ralph_core::event_loop: Memory injection check: enabled=true, inject=Auto, workspace_root="/Users/francocalvo/personal/facultad/pf/app"
2026-02-02T19:01:14.382421Z  INFO ralph_core::event_loop: Looking for memories at: "/Users/francocalvo/personal/facultad/pf/app/.ralph/agent/memories.md" (exists: false)
2026-02-02T19:01:14.382447Z  INFO ralph_core::event_loop: Successfully loaded 0 memories from store
2026-02-02T19:01:14.382457Z  INFO ralph_core::event_loop: Memory store is empty - no memories to inject
2026-02-02T19:01:14.382712Z  INFO ralph_core::event_loop: Injecting scratchpad (6239 chars) into prompt
2026-02-02T19:01:14.383308Z  INFO ralph_core::event_loop: Injecting ready tasks (1 ready, 5 open, 2 closed) into prompt
2026-02-02T19:07:12.544004Z  INFO ralph_core::event_loop: Memory injection check: enabled=true, inject=Auto, workspace_root="/Users/francocalvo/personal/facultad/pf/app"
2026-02-02T19:07:12.544228Z  INFO ralph_core::event_loop: Looking for memories at: "/Users/francocalvo/personal/facultad/pf/app/.ralph/agent/memories.md" (exists: false)
2026-02-02T19:07:12.544249Z  INFO ralph_core::event_loop: Successfully loaded 0 memories from store
2026-02-02T19:07:12.544257Z  INFO ralph_core::event_loop: Memory store is empty - no memories to inject
2026-02-02T19:07:12.544524Z  INFO ralph_core::event_loop: Injecting scratchpad (8289 chars) into prompt
2026-02-02T19:07:12.544851Z  INFO ralph_core::event_loop: Injecting ready tasks (2 ready, 4 open, 3 closed) into prompt
2026-02-02T19:13:58.871926Z  INFO ralph_core::event_loop: Memory injection check: enabled=true, inject=Auto, workspace_root="/Users/francocalvo/personal/facultad/pf/app"
2026-02-02T19:13:58.872284Z  INFO ralph_core::event_loop: Looking for memories at: "/Users/francocalvo/personal/facultad/pf/app/.ralph/agent/memories.md" (exists: false)
2026-02-02T19:13:58.872299Z  INFO ralph_core::event_loop: Successfully loaded 0 memories from store
2026-02-02T19:13:58.872304Z  INFO ralph_core::event_loop: Memory store is empty - no memories to inject
2026-02-02T19:13:58.872496Z  INFO ralph_core::event_loop: Injecting scratchpad (9489 chars) into prompt
2026-02-02T19:13:58.872871Z  INFO ralph_core::event_loop: Injecting ready tasks (2 ready, 4 open, 3 closed) into prompt
2026-02-02T19:14:01.057603Z  INFO ralph_tui::app: Ctrl+C detected, signaling main loop
