2026-02-02T20:18:24.959952Z  INFO ralph_core::event_loop: Memory injection check: enabled=true, inject=Auto, workspace_root="/Users/francocalvo/worktrees/pf-app/feat-test-db-injection"
2026-02-02T20:18:24.960018Z  INFO ralph_core::event_loop: Looking for memories at: "/Users/francocalvo/worktrees/pf-app/feat-test-db-injection/.ralph/agent/memories.md" (exists: false)
2026-02-02T20:18:24.960027Z  INFO ralph_core::event_loop: Successfully loaded 0 memories from store
2026-02-02T20:18:24.960030Z  INFO ralph_core::event_loop: Memory store is empty - no memories to inject
2026-02-02T20:18:24.960233Z  INFO ralph_core::event_loop: Injecting ready tasks (1 ready, 1 open, 6 closed) into prompt
2026-02-02T20:20:40.672611Z  INFO ralph_core::event_loop: Memory injection check: enabled=true, inject=Auto, workspace_root="/Users/francocalvo/worktrees/pf-app/feat-test-db-injection"
2026-02-02T20:20:40.672783Z  INFO ralph_core::event_loop: Looking for memories at: "/Users/francocalvo/worktrees/pf-app/feat-test-db-injection/.ralph/agent/memories.md" (exists: false)
2026-02-02T20:20:40.672802Z  INFO ralph_core::event_loop: Successfully loaded 0 memories from store
2026-02-02T20:20:40.672809Z  INFO ralph_core::event_loop: Memory store is empty - no memories to inject
2026-02-02T20:20:40.673031Z  INFO ralph_core::event_loop: Injecting scratchpad (2107 chars) into prompt
2026-02-02T20:20:40.673280Z  INFO ralph_core::event_loop: Injecting ready tasks (1 ready, 1 open, 6 closed) into prompt
2026-02-02T20:25:28.281626Z  INFO ralph_core::event_loop: Memory injection check: enabled=true, inject=Auto, workspace_root="/Users/francocalvo/worktrees/pf-app/feat-test-db-injection"
2026-02-02T20:25:28.281797Z  INFO ralph_core::event_loop: Looking for memories at: "/Users/francocalvo/worktrees/pf-app/feat-test-db-injection/.ralph/agent/memories.md" (exists: false)
2026-02-02T20:25:28.281807Z  INFO ralph_core::event_loop: Successfully loaded 0 memories from store
2026-02-02T20:25:28.281810Z  INFO ralph_core::event_loop: Memory store is empty - no memories to inject
2026-02-02T20:25:28.282000Z  INFO ralph_core::event_loop: Injecting scratchpad (3491 chars) into prompt
2026-02-02T20:25:28.282194Z  INFO ralph_core::event_loop: Injecting ready tasks (0 ready, 0 open, 7 closed) into prompt
2026-02-02T20:27:01.611812Z  INFO ralph_core::event_loop: Memory injection check: enabled=true, inject=Auto, workspace_root="/Users/francocalvo/worktrees/pf-app/feat-test-db-injection"
2026-02-02T20:27:01.612065Z  INFO ralph_core::event_loop: Looking for memories at: "/Users/francocalvo/worktrees/pf-app/feat-test-db-injection/.ralph/agent/memories.md" (exists: false)
2026-02-02T20:27:01.612083Z  INFO ralph_core::event_loop: Successfully loaded 0 memories from store
2026-02-02T20:27:01.612089Z  INFO ralph_core::event_loop: Memory store is empty - no memories to inject
2026-02-02T20:27:01.612142Z  INFO ralph_core::event_loop: Injecting scratchpad (5204 chars) into prompt
2026-02-02T20:27:01.612423Z  INFO ralph_core::event_loop: Injecting ready tasks (0 ready, 0 open, 7 closed) into prompt
2026-02-02T20:28:54.267234Z  INFO ralph_core::event_loop: Memory injection check: enabled=true, inject=Auto, workspace_root="/Users/francocalvo/worktrees/pf-app/feat-test-db-injection"
2026-02-02T20:28:54.267406Z  INFO ralph_core::event_loop: Looking for memories at: "/Users/francocalvo/worktrees/pf-app/feat-test-db-injection/.ralph/agent/memories.md" (exists: false)
2026-02-02T20:28:54.267415Z  INFO ralph_core::event_loop: Successfully loaded 0 memories from store
2026-02-02T20:28:54.267418Z  INFO ralph_core::event_loop: Memory store is empty - no memories to inject
2026-02-02T20:28:54.267457Z  INFO ralph_core::event_loop: Injecting scratchpad (6166 chars) into prompt
2026-02-02T20:28:54.267657Z  INFO ralph_core::event_loop: Injecting ready tasks (0 ready, 0 open, 7 closed) into prompt
2026-02-02T20:29:39.885789Z  INFO ralph_core::event_loop: Memory injection check: enabled=true, inject=Auto, workspace_root="/Users/francocalvo/worktrees/pf-app/feat-test-db-injection"
2026-02-02T20:29:39.886835Z  INFO ralph_core::event_loop: Looking for memories at: "/Users/francocalvo/worktrees/pf-app/feat-test-db-injection/.ralph/agent/memories.md" (exists: false)
2026-02-02T20:29:39.886890Z  INFO ralph_core::event_loop: Successfully loaded 0 memories from store
2026-02-02T20:29:39.886898Z  INFO ralph_core::event_loop: Memory store is empty - no memories to inject
2026-02-02T20:29:39.887242Z  INFO ralph_core::event_loop: Injecting scratchpad (6166 chars) into prompt
2026-02-02T20:29:39.887678Z  INFO ralph_core::event_loop: Injecting ready tasks (0 ready, 0 open, 7 closed) into prompt
2026-02-02T20:32:26.287019Z  INFO ralph_core::event_loop: Memory injection check: enabled=true, inject=Auto, workspace_root="/Users/francocalvo/worktrees/pf-app/feat-test-db-injection"
2026-02-02T20:32:26.288004Z  INFO ralph_core::event_loop: Looking for memories at: "/Users/francocalvo/worktrees/pf-app/feat-test-db-injection/.ralph/agent/memories.md" (exists: false)
2026-02-02T20:32:26.288031Z  INFO ralph_core::event_loop: Successfully loaded 0 memories from store
2026-02-02T20:32:26.288042Z  INFO ralph_core::event_loop: Memory store is empty - no memories to inject
2026-02-02T20:32:26.288318Z  INFO ralph_core::event_loop: Injecting scratchpad (8134 chars) into prompt
2026-02-02T20:32:26.288691Z  INFO ralph_core::event_loop: Injecting ready tasks (0 ready, 0 open, 7 closed) into prompt
2026-02-02T20:34:16.050593Z  INFO ralph_core::event_loop: Memory injection check: enabled=true, inject=Auto, workspace_root="/Users/francocalvo/worktrees/pf-app/feat-test-db-injection"
2026-02-02T20:34:16.050826Z  INFO ralph_core::event_loop: Looking for memories at: "/Users/francocalvo/worktrees/pf-app/feat-test-db-injection/.ralph/agent/memories.md" (exists: false)
2026-02-02T20:34:16.050844Z  INFO ralph_core::event_loop: Successfully loaded 0 memories from store
2026-02-02T20:34:16.050852Z  INFO ralph_core::event_loop: Memory store is empty - no memories to inject
2026-02-02T20:34:16.051116Z  INFO ralph_core::event_loop: Injecting scratchpad (9242 chars) into prompt
2026-02-02T20:34:16.051382Z  INFO ralph_core::event_loop: Injecting ready tasks (0 ready, 0 open, 7 closed) into prompt
2026-02-02T20:46:58.667070Z  INFO ralph_core::event_loop: Memory injection check: enabled=true, inject=Auto, workspace_root="/Users/francocalvo/worktrees/pf-app/feat-test-db-injection"
2026-02-02T20:46:58.667190Z  INFO ralph_core::event_loop: Looking for memories at: "/Users/francocalvo/worktrees/pf-app/feat-test-db-injection/.ralph/agent/memories.md" (exists: false)
2026-02-02T20:46:58.667203Z  INFO ralph_core::event_loop: Successfully loaded 0 memories from store
2026-02-02T20:46:58.667208Z  INFO ralph_core::event_loop: Memory store is empty - no memories to inject
2026-02-02T20:46:58.667397Z  INFO ralph_core::event_loop: Injecting scratchpad (16175 chars) into prompt
2026-02-02T20:46:58.667614Z  INFO ralph_core::event_loop: Injecting ready tasks (0 ready, 0 open, 11 closed) into prompt
2026-02-02T20:48:47.792753Z  INFO ralph_core::event_loop: Memory injection check: enabled=true, inject=Auto, workspace_root="/Users/francocalvo/worktrees/pf-app/feat-test-db-injection"
2026-02-02T20:48:47.792989Z  INFO ralph_core::event_loop: Looking for memories at: "/Users/francocalvo/worktrees/pf-app/feat-test-db-injection/.ralph/agent/memories.md" (exists: false)
2026-02-02T20:48:47.793001Z  INFO ralph_core::event_loop: Successfully loaded 0 memories from store
2026-02-02T20:48:47.793004Z  INFO ralph_core::event_loop: Memory store is empty - no memories to inject
2026-02-02T20:48:47.793073Z  INFO ralph_core::event_loop: Injecting scratchpad (16425 chars) into prompt
2026-02-02T20:48:47.793351Z  INFO ralph_core::event_loop: Injecting ready tasks (0 ready, 0 open, 11 closed) into prompt
2026-02-02T20:50:27.823756Z  INFO ralph_core::event_loop: Completion event detected in JSONL topic=LOOP_COMPLETE
2026-02-02T20:50:27.824849Z  INFO ralph_core::event_loop: Completion event detected - terminating
2026-02-02T20:50:27.824867Z  INFO ralph::loop_runner: Completion event LOOP_COMPLETE detected.
2026-02-02T20:50:27.824897Z  INFO ralph_core::event_loop: Wrapping up: completed. 10 iterations in 32m 2s. reason=completed iterations=10 duration=32m 2s
2026-02-02T20:50:27.841392Z  INFO ralph_core::landing: Beginning landing sequence loop_id=primary
